2021-03-11 21:20:13 - Starting UniversityApiApplication on DESKTOP-V3GHE7O with PID 4312 (C:\Users\Araf_Hasan\Desktop\New folder\UniversityAPI\universityAPI\target\classes started by Araf_Hasan in C:\Users\Araf_Hasan\Desktop\New folder\UniversityAPI\universityAPI)
2021-03-11 21:20:13 - No active profile set, falling back to default profiles: default
2021-03-11 21:20:14 - Bootstrapping Spring Data JPA repositories in DEFAULT mode.
2021-03-11 21:20:14 - Finished Spring Data repository scanning in 123ms. Found 6 JPA repository interfaces.
2021-03-11 21:20:15 - Tomcat initialized with port(s): 8080 (http)
2021-03-11 21:20:15 - Starting service [Tomcat]
2021-03-11 21:20:15 - Starting Servlet engine: [Apache Tomcat/9.0.34]
2021-03-11 21:20:15 - Initializing Spring embedded WebApplicationContext
2021-03-11 21:20:15 - Root WebApplicationContext: initialization completed in 2347 ms
2021-03-11 21:20:16 - HHH000204: Processing PersistenceUnitInfo [name: default]
2021-03-11 21:20:16 - HHH000412: Hibernate ORM core version 5.4.15.Final
2021-03-11 21:20:16 - HCANN000001: Hibernate Commons Annotations {5.1.0.Final}
2021-03-11 21:20:16 - HikariPool-1 - Starting...
2021-03-11 21:20:17 - HikariPool-1 - Start completed.
2021-03-11 21:20:17 - HHH000400: Using dialect: org.hibernate.dialect.SQLServer2012Dialect
2021-03-11 21:20:18 - HHH000490: Using JtaPlatform implementation: [org.hibernate.engine.transaction.jta.platform.internal.NoJtaPlatform]
2021-03-11 21:20:18 - Initialized JPA EntityManagerFactory for persistence unit 'default'
2021-03-11 21:20:19 - spring.jpa.open-in-view is enabled by default. Therefore, database queries may be performed during view rendering. Explicitly configure spring.jpa.open-in-view to disable this warning
2021-03-11 21:20:19 - Initializing ExecutorService 'applicationTaskExecutor'
2021-03-11 21:20:19 - Tomcat started on port(s): 8080 (http) with context path ''
2021-03-11 21:20:19 - Started UniversityApiApplication in 7.547 seconds (JVM running for 9.183)
2021-03-11 21:20:39 - Initializing Spring DispatcherServlet 'dispatcherServlet'
2021-03-11 21:20:39 - Initializing Servlet 'dispatcherServlet'
2021-03-11 21:20:39 - Completed initialization in 14 ms
2021-03-11 21:20:39 - Getting all university information
2021-03-11 21:22:04 - Application shutdown requested.
2021-03-11 21:22:04 - Shutting down ExecutorService 'applicationTaskExecutor'
2021-03-11 21:22:04 - Closing JPA EntityManagerFactory for persistence unit 'default'
2021-03-11 21:22:04 - HikariPool-1 - Shutdown initiated...
2021-03-11 21:22:04 - HikariPool-1 - Shutdown completed.
2021-03-11 21:22:10 - Starting UniversityApiApplication on DESKTOP-V3GHE7O with PID 10560 (C:\Users\Araf_Hasan\Desktop\New folder\UniversityAPI\universityAPI\target\classes started by Araf_Hasan in C:\Users\Araf_Hasan\Desktop\New folder\UniversityAPI\universityAPI)
2021-03-11 21:22:10 - No active profile set, falling back to default profiles: default
2021-03-11 21:22:12 - Bootstrapping Spring Data JPA repositories in DEFAULT mode.
2021-03-11 21:22:12 - Finished Spring Data repository scanning in 129ms. Found 6 JPA repository interfaces.
2021-03-11 21:22:13 - Tomcat initialized with port(s): 8080 (http)
2021-03-11 21:22:13 - Starting service [Tomcat]
2021-03-11 21:22:13 - Starting Servlet engine: [Apache Tomcat/9.0.34]
2021-03-11 21:22:13 - Initializing Spring embedded WebApplicationContext
2021-03-11 21:22:13 - Root WebApplicationContext: initialization completed in 2315 ms
2021-03-11 21:22:13 - HHH000204: Processing PersistenceUnitInfo [name: default]
2021-03-11 21:22:13 - HHH000412: Hibernate ORM core version 5.4.15.Final
2021-03-11 21:22:14 - HCANN000001: Hibernate Commons Annotations {5.1.0.Final}
2021-03-11 21:22:14 - HikariPool-1 - Starting...
2021-03-11 21:22:14 - HikariPool-1 - Start completed.
2021-03-11 21:22:14 - HHH000400: Using dialect: org.hibernate.dialect.SQLServer2012Dialect
2021-03-11 21:22:17 - HHH000490: Using JtaPlatform implementation: [org.hibernate.engine.transaction.jta.platform.internal.NoJtaPlatform]
2021-03-11 21:22:17 - Initialized JPA EntityManagerFactory for persistence unit 'default'
2021-03-11 21:22:17 - spring.jpa.open-in-view is enabled by default. Therefore, database queries may be performed during view rendering. Explicitly configure spring.jpa.open-in-view to disable this warning
2021-03-11 21:22:18 - Initializing ExecutorService 'applicationTaskExecutor'
2021-03-11 21:22:18 - Tomcat started on port(s): 8080 (http) with context path ''
2021-03-11 21:22:18 - Started UniversityApiApplication in 8.218 seconds (JVM running for 9.814)
2021-03-11 21:23:23 - Application shutdown requested.
2021-03-11 21:23:23 - Shutting down ExecutorService 'applicationTaskExecutor'
2021-03-11 21:23:23 - Closing JPA EntityManagerFactory for persistence unit 'default'
2021-03-11 21:23:23 - HikariPool-1 - Shutdown initiated...
2021-03-11 21:23:23 - HikariPool-1 - Shutdown completed.
